<?xml version="1.0" encoding="UTF-8"?>
<testsuite name="GET /api/banks" tests="1" skipped="0" failures="0" errors="0" timestamp="2021-07-26T19:36:37" hostname="ubuntu" time="0.594">
  <properties/>
  <testcase name="should ()" classname="com.example.SpringBootKotlinRestAPI.controller.BankControllerTest$GetBanks" time="0.594"/>
  <system-out><![CDATA[19:36:35.231 [Test worker] DEBUG org.springframework.test.context.support.TestPropertySourceUtils - Adding inlined properties to environment: {spring.jmx.enabled=false, org.springframework.boot.test.context.SpringBootTestContextBootstrapper=true}

  .   ____          _            __ _ _
 /\\ / ___'_ __ _ _(_)_ __  __ _ \ \ \ \
( ( )\___ | '_ | '_| | '_ \/ _` | \ \ \ \
 \\/  ___)| |_)| | | | | || (_| |  ) ) ) )
  '  |____| .__|_| |_|_| |_\__, | / / / /
 =========|_|==============|___/=/_/_/_/
 :: Spring Boot ::       (v2.6.0-SNAPSHOT)

2021-07-26 19:36:35.527  INFO 29840 --- [    Test worker] c.e.S.controller.BankControllerTest      : Starting BankControllerTest using Java 16.0.2 on ubuntu with PID 29840 (started by ubuntu in /home/ubuntu/Downloads/SpringBootKotlinRestAPI)
2021-07-26 19:36:35.532  INFO 29840 --- [    Test worker] c.e.S.controller.BankControllerTest      : No active profile set, falling back to default profiles: default
2021-07-26 19:36:37.129  INFO 29840 --- [    Test worker] o.s.b.a.w.s.WelcomePageHandlerMapping    : Adding welcome page: class path resource [static/index.html]
2021-07-26 19:36:37.321  INFO 29840 --- [    Test worker] o.s.b.t.m.w.SpringBootMockServletContext : Initializing Spring TestDispatcherServlet ''
2021-07-26 19:36:37.321  INFO 29840 --- [    Test worker] o.s.t.web.servlet.TestDispatcherServlet  : Initializing Servlet ''
2021-07-26 19:36:37.322  INFO 29840 --- [    Test worker] o.s.t.web.servlet.TestDispatcherServlet  : Completed initialization in 1 ms
2021-07-26 19:36:37.345  INFO 29840 --- [    Test worker] c.e.S.controller.BankControllerTest      : Started BankControllerTest in 2.108 seconds (JVM running for 3.501)
2021-07-26 19:36:37.389  INFO 29840 --- [    Test worker] .b.t.c.SpringBootTestContextBootstrapper : Neither @ContextConfiguration nor @ContextHierarchy found for test class [com.example.SpringBootKotlinRestAPI.controller.BankControllerTest$GetBanks], using SpringBootContextLoader
2021-07-26 19:36:37.391  INFO 29840 --- [    Test worker] o.s.t.c.support.AbstractContextLoader    : Could not detect default resource locations for test class [com.example.SpringBootKotlinRestAPI.controller.BankControllerTest$GetBanks]: no resource found for suffixes {-context.xml, Context.groovy}.
2021-07-26 19:36:37.391  INFO 29840 --- [    Test worker] t.c.s.AnnotationConfigContextLoaderUtils : Could not detect default configuration classes for test class [com.example.SpringBootKotlinRestAPI.controller.BankControllerTest$GetBanks]: GetBanks does not declare any static, non-private, non-final, nested classes annotated with @Configuration.
2021-07-26 19:36:37.396  INFO 29840 --- [    Test worker] .b.t.c.SpringBootTestContextBootstrapper : Found @SpringBootConfiguration com.example.SpringBootKotlinRestAPI.SpringBootKotlinRestApiApplication for test class com.example.SpringBootKotlinRestAPI.controller.BankControllerTest$GetBanks
2021-07-26 19:36:37.399  INFO 29840 --- [    Test worker] .b.t.c.SpringBootTestContextBootstrapper : Loaded default TestExecutionListener class names from location [META-INF/spring.factories]: [org.springframework.boot.test.autoconfigure.restdocs.RestDocsTestExecutionListener, org.springframework.boot.test.autoconfigure.web.client.MockRestServiceServerResetTestExecutionListener, org.springframework.boot.test.autoconfigure.web.servlet.MockMvcPrintOnlyOnFailureTestExecutionListener, org.springframework.boot.test.autoconfigure.web.servlet.WebDriverTestExecutionListener, org.springframework.boot.test.autoconfigure.webservices.client.MockWebServiceServerTestExecutionListener, org.springframework.boot.test.mock.mockito.MockitoTestExecutionListener, org.springframework.boot.test.mock.mockito.ResetMocksTestExecutionListener, org.springframework.test.context.web.ServletTestExecutionListener, org.springframework.test.context.support.DirtiesContextBeforeModesTestExecutionListener, org.springframework.test.context.event.ApplicationEventsTestExecutionListener, org.springframework.test.context.support.DependencyInjectionTestExecutionListener, org.springframework.test.context.support.DirtiesContextTestExecutionListener, org.springframework.test.context.transaction.TransactionalTestExecutionListener, org.springframework.test.context.jdbc.SqlScriptsTestExecutionListener, org.springframework.test.context.event.EventPublishingTestExecutionListener]
2021-07-26 19:36:37.401  INFO 29840 --- [    Test worker] .b.t.c.SpringBootTestContextBootstrapper : Using TestExecutionListeners: [org.springframework.test.context.web.ServletTestExecutionListener@5645aa2d, org.springframework.test.context.support.DirtiesContextBeforeModesTestExecutionListener@442a0ab8, org.springframework.test.context.event.ApplicationEventsTestExecutionListener@fdcfc78, org.springframework.boot.test.mock.mockito.MockitoTestExecutionListener@33d7f425, org.springframework.boot.test.autoconfigure.SpringBootDependencyInjectionTestExecutionListener@48b824b0, org.springframework.test.context.support.DirtiesContextTestExecutionListener@5c5398d5, org.springframework.test.context.event.EventPublishingTestExecutionListener@3404801b, org.springframework.boot.test.autoconfigure.restdocs.RestDocsTestExecutionListener@38fe3c62, org.springframework.boot.test.autoconfigure.web.client.MockRestServiceServerResetTestExecutionListener@31ea0269, org.springframework.boot.test.autoconfigure.web.servlet.MockMvcPrintOnlyOnFailureTestExecutionListener@713fb1b1, org.springframework.boot.test.autoconfigure.web.servlet.WebDriverTestExecutionListener@61abf3d5, org.springframework.boot.test.autoconfigure.webservices.client.MockWebServiceServerTestExecutionListener@287fceae, org.springframework.boot.test.mock.mockito.ResetMocksTestExecutionListener@49676882]

MockHttpServletRequest:
      HTTP Method = GET
      Request URI = /api/banks
       Parameters = {}
          Headers = []
             Body = null
    Session Attrs = {}

Handler:
             Type = com.example.SpringBootKotlinRestAPI.controller.BankController
           Method = com.example.SpringBootKotlinRestAPI.controller.BankController#getBanks()

Async:
    Async started = false
     Async result = null

Resolved Exception:
             Type = null

ModelAndView:
        View name = null
             View = null
            Model = null

FlashMap:
       Attributes = null

MockHttpServletResponse:
           Status = 200
    Error message = null
          Headers = [Content-Type:"application/json"]
     Content type = application/json
             Body = [{"accountNumber":"1234","trust":3.14,"transactionFee":17},{"accountNumber":"1010","trust":37.0,"transactionFee":0},{"accountNumber":"5678","trust":0.0,"transactionFee":100}]
    Forwarded URL = null
   Redirected URL = null
          Cookies = []
]]></system-out>
  <system-err><![CDATA[]]></system-err>
</testsuite>
