<?xml version="1.0" encoding="UTF-8"?>
<testsuite name="PATCH /api/banks" tests="2" skipped="0" failures="0" errors="0" timestamp="2021-07-26T19:36:38" hostname="ubuntu" time="0.038">
  <properties/>
  <testcase name="should return BAD REQUEST if no bank with given account number exists()" classname="com.example.SpringBootKotlinRestAPI.controller.BankControllerTest$PatchExistingBank" time="0.017"/>
  <testcase name="should update the existing bank()" classname="com.example.SpringBootKotlinRestAPI.controller.BankControllerTest$PatchExistingBank" time="0.02"/>
  <system-out><![CDATA[2021-07-26 19:36:38.245  INFO 29840 --- [    Test worker] .b.t.c.SpringBootTestContextBootstrapper : Neither @ContextConfiguration nor @ContextHierarchy found for test class [com.example.SpringBootKotlinRestAPI.controller.BankControllerTest$PatchExistingBank], using SpringBootContextLoader
2021-07-26 19:36:38.247  INFO 29840 --- [    Test worker] o.s.t.c.support.AbstractContextLoader    : Could not detect default resource locations for test class [com.example.SpringBootKotlinRestAPI.controller.BankControllerTest$PatchExistingBank]: no resource found for suffixes {-context.xml, Context.groovy}.
2021-07-26 19:36:38.247  INFO 29840 --- [    Test worker] t.c.s.AnnotationConfigContextLoaderUtils : Could not detect default configuration classes for test class [com.example.SpringBootKotlinRestAPI.controller.BankControllerTest$PatchExistingBank]: PatchExistingBank does not declare any static, non-private, non-final, nested classes annotated with @Configuration.
2021-07-26 19:36:38.251  INFO 29840 --- [    Test worker] .b.t.c.SpringBootTestContextBootstrapper : Found @SpringBootConfiguration com.example.SpringBootKotlinRestAPI.SpringBootKotlinRestApiApplication for test class com.example.SpringBootKotlinRestAPI.controller.BankControllerTest$PatchExistingBank
2021-07-26 19:36:38.255  INFO 29840 --- [    Test worker] .b.t.c.SpringBootTestContextBootstrapper : Loaded default TestExecutionListener class names from location [META-INF/spring.factories]: [org.springframework.boot.test.autoconfigure.restdocs.RestDocsTestExecutionListener, org.springframework.boot.test.autoconfigure.web.client.MockRestServiceServerResetTestExecutionListener, org.springframework.boot.test.autoconfigure.web.servlet.MockMvcPrintOnlyOnFailureTestExecutionListener, org.springframework.boot.test.autoconfigure.web.servlet.WebDriverTestExecutionListener, org.springframework.boot.test.autoconfigure.webservices.client.MockWebServiceServerTestExecutionListener, org.springframework.boot.test.mock.mockito.MockitoTestExecutionListener, org.springframework.boot.test.mock.mockito.ResetMocksTestExecutionListener, org.springframework.test.context.web.ServletTestExecutionListener, org.springframework.test.context.support.DirtiesContextBeforeModesTestExecutionListener, org.springframework.test.context.event.ApplicationEventsTestExecutionListener, org.springframework.test.context.support.DependencyInjectionTestExecutionListener, org.springframework.test.context.support.DirtiesContextTestExecutionListener, org.springframework.test.context.transaction.TransactionalTestExecutionListener, org.springframework.test.context.jdbc.SqlScriptsTestExecutionListener, org.springframework.test.context.event.EventPublishingTestExecutionListener]
2021-07-26 19:36:38.256  INFO 29840 --- [    Test worker] .b.t.c.SpringBootTestContextBootstrapper : Using TestExecutionListeners: [org.springframework.test.context.web.ServletTestExecutionListener@4b84754b, org.springframework.test.context.support.DirtiesContextBeforeModesTestExecutionListener@41ec6606, org.springframework.test.context.event.ApplicationEventsTestExecutionListener@74b91370, org.springframework.boot.test.mock.mockito.MockitoTestExecutionListener@41560012, org.springframework.boot.test.autoconfigure.SpringBootDependencyInjectionTestExecutionListener@29101b5e, org.springframework.test.context.support.DirtiesContextTestExecutionListener@b6e842c, org.springframework.test.context.event.EventPublishingTestExecutionListener@377034a2, org.springframework.boot.test.autoconfigure.restdocs.RestDocsTestExecutionListener@4657f4ce, org.springframework.boot.test.autoconfigure.web.client.MockRestServiceServerResetTestExecutionListener@6fb4ddb1, org.springframework.boot.test.autoconfigure.web.servlet.MockMvcPrintOnlyOnFailureTestExecutionListener@10847b8f, org.springframework.boot.test.autoconfigure.web.servlet.WebDriverTestExecutionListener@26e78819, org.springframework.boot.test.autoconfigure.webservices.client.MockWebServiceServerTestExecutionListener@5fefe98f, org.springframework.boot.test.mock.mockito.ResetMocksTestExecutionListener@167fee96]

MockHttpServletRequest:
      HTTP Method = PATCH
      Request URI = /api/banks
       Parameters = {}
          Headers = [Content-Type:"application/json;charset=UTF-8", Content-Length:"65"]
             Body = {"accountNumber":"does_not_exist","trust":1.0,"transactionFee":1}
    Session Attrs = {}

Handler:
             Type = com.example.SpringBootKotlinRestAPI.controller.BankController
           Method = com.example.SpringBootKotlinRestAPI.controller.BankController#updateBank(Bank)

Async:
    Async started = false
     Async result = null

Resolved Exception:
             Type = java.util.NoSuchElementException

ModelAndView:
        View name = null
             View = null
            Model = null

FlashMap:
       Attributes = null

MockHttpServletResponse:
           Status = 404
    Error message = null
          Headers = [Content-Type:"text/plain;charset=UTF-8", Content-Length:"56"]
     Content type = text/plain;charset=UTF-8
             Body = Could not find a bank with account number does_not_exist
    Forwarded URL = null
   Redirected URL = null
          Cookies = []

MockHttpServletRequest:
      HTTP Method = PATCH
      Request URI = /api/banks
       Parameters = {}
          Headers = [Content-Type:"application/json;charset=UTF-8", Content-Length:"55"]
             Body = {"accountNumber":"1234","trust":1.0,"transactionFee":1}
    Session Attrs = {}

Handler:
             Type = com.example.SpringBootKotlinRestAPI.controller.BankController
           Method = com.example.SpringBootKotlinRestAPI.controller.BankController#updateBank(Bank)

Async:
    Async started = false
     Async result = null

Resolved Exception:
             Type = null

ModelAndView:
        View name = null
             View = null
            Model = null

FlashMap:
       Attributes = null

MockHttpServletResponse:
           Status = 200
    Error message = null
          Headers = [Content-Type:"application/json"]
     Content type = application/json
             Body = {"accountNumber":"1234","trust":1.0,"transactionFee":1}
    Forwarded URL = null
   Redirected URL = null
          Cookies = []
]]></system-out>
  <system-err><![CDATA[]]></system-err>
</testsuite>
