<?xml version="1.0" encoding="UTF-8"?>
<testsuite name="DELETE /api/banks/{accountNumber}" tests="2" skipped="0" failures="0" errors="0" timestamp="2021-07-26T19:36:38" hostname="ubuntu" time="0.753">
  <properties/>
  <testcase name="should delete the bank with given account number()" classname="com.example.SpringBootKotlinRestAPI.controller.BankControllerTest$DeleteExistingBank" time="0.023"/>
  <testcase name="should return NOT FOUND if no bank with given account number exists()" classname="com.example.SpringBootKotlinRestAPI.controller.BankControllerTest$DeleteExistingBank" time="0.729"/>
  <system-out><![CDATA[2021-07-26 19:36:38.305  INFO 29840 --- [    Test worker] .b.t.c.SpringBootTestContextBootstrapper : Neither @ContextConfiguration nor @ContextHierarchy found for test class [com.example.SpringBootKotlinRestAPI.controller.BankControllerTest$DeleteExistingBank], using SpringBootContextLoader
2021-07-26 19:36:38.307  INFO 29840 --- [    Test worker] o.s.t.c.support.AbstractContextLoader    : Could not detect default resource locations for test class [com.example.SpringBootKotlinRestAPI.controller.BankControllerTest$DeleteExistingBank]: no resource found for suffixes {-context.xml, Context.groovy}.
2021-07-26 19:36:38.308  INFO 29840 --- [    Test worker] t.c.s.AnnotationConfigContextLoaderUtils : Could not detect default configuration classes for test class [com.example.SpringBootKotlinRestAPI.controller.BankControllerTest$DeleteExistingBank]: DeleteExistingBank does not declare any static, non-private, non-final, nested classes annotated with @Configuration.
2021-07-26 19:36:38.314  INFO 29840 --- [    Test worker] .b.t.c.SpringBootTestContextBootstrapper : Found @SpringBootConfiguration com.example.SpringBootKotlinRestAPI.SpringBootKotlinRestApiApplication for test class com.example.SpringBootKotlinRestAPI.controller.BankControllerTest$DeleteExistingBank
2021-07-26 19:36:38.319  INFO 29840 --- [    Test worker] .b.t.c.SpringBootTestContextBootstrapper : Loaded default TestExecutionListener class names from location [META-INF/spring.factories]: [org.springframework.boot.test.autoconfigure.restdocs.RestDocsTestExecutionListener, org.springframework.boot.test.autoconfigure.web.client.MockRestServiceServerResetTestExecutionListener, org.springframework.boot.test.autoconfigure.web.servlet.MockMvcPrintOnlyOnFailureTestExecutionListener, org.springframework.boot.test.autoconfigure.web.servlet.WebDriverTestExecutionListener, org.springframework.boot.test.autoconfigure.webservices.client.MockWebServiceServerTestExecutionListener, org.springframework.boot.test.mock.mockito.MockitoTestExecutionListener, org.springframework.boot.test.mock.mockito.ResetMocksTestExecutionListener, org.springframework.test.context.web.ServletTestExecutionListener, org.springframework.test.context.support.DirtiesContextBeforeModesTestExecutionListener, org.springframework.test.context.event.ApplicationEventsTestExecutionListener, org.springframework.test.context.support.DependencyInjectionTestExecutionListener, org.springframework.test.context.support.DirtiesContextTestExecutionListener, org.springframework.test.context.transaction.TransactionalTestExecutionListener, org.springframework.test.context.jdbc.SqlScriptsTestExecutionListener, org.springframework.test.context.event.EventPublishingTestExecutionListener]
2021-07-26 19:36:38.321  INFO 29840 --- [    Test worker] .b.t.c.SpringBootTestContextBootstrapper : Using TestExecutionListeners: [org.springframework.test.context.web.ServletTestExecutionListener@2285aade, org.springframework.test.context.support.DirtiesContextBeforeModesTestExecutionListener@5f2667a6, org.springframework.test.context.event.ApplicationEventsTestExecutionListener@538e85e7, org.springframework.boot.test.mock.mockito.MockitoTestExecutionListener@7383b5e4, org.springframework.boot.test.autoconfigure.SpringBootDependencyInjectionTestExecutionListener@7c5f2210, org.springframework.test.context.support.DirtiesContextTestExecutionListener@1028716a, org.springframework.test.context.event.EventPublishingTestExecutionListener@372e7f35, org.springframework.boot.test.autoconfigure.restdocs.RestDocsTestExecutionListener@59ecc0a1, org.springframework.boot.test.autoconfigure.web.client.MockRestServiceServerResetTestExecutionListener@5ca6362e, org.springframework.boot.test.autoconfigure.web.servlet.MockMvcPrintOnlyOnFailureTestExecutionListener@fd6aff1, org.springframework.boot.test.autoconfigure.web.servlet.WebDriverTestExecutionListener@4b45aee9, org.springframework.boot.test.autoconfigure.webservices.client.MockWebServiceServerTestExecutionListener@741386e8, org.springframework.boot.test.mock.mockito.ResetMocksTestExecutionListener@19e9c902]

MockHttpServletRequest:
      HTTP Method = DELETE
      Request URI = /api/banks/1234
       Parameters = {}
          Headers = []
             Body = null
    Session Attrs = {}

Handler:
             Type = com.example.SpringBootKotlinRestAPI.controller.BankController
           Method = com.example.SpringBootKotlinRestAPI.controller.BankController#deleteBank(String)

Async:
    Async started = false
     Async result = null

Resolved Exception:
             Type = null

ModelAndView:
        View name = null
             View = null
            Model = null

FlashMap:
       Attributes = null

MockHttpServletResponse:
           Status = 204
    Error message = null
          Headers = []
     Content type = null
             Body = 
    Forwarded URL = null
   Redirected URL = null
          Cookies = []

  .   ____          _            __ _ _
 /\\ / ___'_ __ _ _(_)_ __  __ _ \ \ \ \
( ( )\___ | '_ | '_| | '_ \/ _` | \ \ \ \
 \\/  ___)| |_)| | | | | || (_| |  ) ) ) )
  '  |____| .__|_| |_|_| |_\__, | / / / /
 =========|_|==============|___/=/_/_/_/
 :: Spring Boot ::       (v2.6.0-SNAPSHOT)

2021-07-26 19:36:38.394  INFO 29840 --- [    Test worker] .c.BankControllerTest$DeleteExistingBank : Starting BankControllerTest.DeleteExistingBank using Java 16.0.2 on ubuntu with PID 29840 (started by ubuntu in /home/ubuntu/Downloads/SpringBootKotlinRestAPI)
2021-07-26 19:36:38.395  INFO 29840 --- [    Test worker] .c.BankControllerTest$DeleteExistingBank : No active profile set, falling back to default profiles: default
2021-07-26 19:36:38.933  INFO 29840 --- [    Test worker] o.s.b.a.w.s.WelcomePageHandlerMapping    : Adding welcome page: class path resource [static/index.html]
2021-07-26 19:36:39.048  INFO 29840 --- [    Test worker] o.s.b.t.m.w.SpringBootMockServletContext : Initializing Spring TestDispatcherServlet ''
2021-07-26 19:36:39.048  INFO 29840 --- [    Test worker] o.s.t.web.servlet.TestDispatcherServlet  : Initializing Servlet ''
2021-07-26 19:36:39.049  INFO 29840 --- [    Test worker] o.s.t.web.servlet.TestDispatcherServlet  : Completed initialization in 1 ms
2021-07-26 19:36:39.055  INFO 29840 --- [    Test worker] .c.BankControllerTest$DeleteExistingBank : Started BankControllerTest.DeleteExistingBank in 0.704 seconds (JVM running for 5.211)

MockHttpServletRequest:
      HTTP Method = DELETE
      Request URI = /api/banks/does_not_exist
       Parameters = {}
          Headers = []
             Body = null
    Session Attrs = {}

Handler:
             Type = com.example.SpringBootKotlinRestAPI.controller.BankController
           Method = com.example.SpringBootKotlinRestAPI.controller.BankController#deleteBank(String)

Async:
    Async started = false
     Async result = null

Resolved Exception:
             Type = java.util.NoSuchElementException

ModelAndView:
        View name = null
             View = null
            Model = null

FlashMap:
       Attributes = null

MockHttpServletResponse:
           Status = 404
    Error message = null
          Headers = [Content-Type:"text/plain;charset=UTF-8", Content-Length:"56"]
     Content type = text/plain;charset=UTF-8
             Body = Could not find a bank with account number does_not_exist
    Forwarded URL = null
   Redirected URL = null
          Cookies = []
]]></system-out>
  <system-err><![CDATA[]]></system-err>
</testsuite>
