<?xml version="1.0" encoding="UTF-8"?>
<testsuite name="POST /api/banks" tests="2" skipped="0" failures="0" errors="0" timestamp="2021-07-26T19:36:38" hostname="ubuntu" time="0.109">
  <properties/>
  <testcase name="should return BAD REQUEST if bank with given account number already exists()" classname="com.example.SpringBootKotlinRestAPI.controller.BankControllerTest$PostNewBank" time="0.069"/>
  <testcase name="should add the new bank()" classname="com.example.SpringBootKotlinRestAPI.controller.BankControllerTest$PostNewBank" time="0.039"/>
  <system-out><![CDATA[2021-07-26 19:36:38.110  INFO 29840 --- [    Test worker] .b.t.c.SpringBootTestContextBootstrapper : Neither @ContextConfiguration nor @ContextHierarchy found for test class [com.example.SpringBootKotlinRestAPI.controller.BankControllerTest$PostNewBank], using SpringBootContextLoader
2021-07-26 19:36:38.112  INFO 29840 --- [    Test worker] o.s.t.c.support.AbstractContextLoader    : Could not detect default resource locations for test class [com.example.SpringBootKotlinRestAPI.controller.BankControllerTest$PostNewBank]: no resource found for suffixes {-context.xml, Context.groovy}.
2021-07-26 19:36:38.112  INFO 29840 --- [    Test worker] t.c.s.AnnotationConfigContextLoaderUtils : Could not detect default configuration classes for test class [com.example.SpringBootKotlinRestAPI.controller.BankControllerTest$PostNewBank]: PostNewBank does not declare any static, non-private, non-final, nested classes annotated with @Configuration.
2021-07-26 19:36:38.118  INFO 29840 --- [    Test worker] .b.t.c.SpringBootTestContextBootstrapper : Found @SpringBootConfiguration com.example.SpringBootKotlinRestAPI.SpringBootKotlinRestApiApplication for test class com.example.SpringBootKotlinRestAPI.controller.BankControllerTest$PostNewBank
2021-07-26 19:36:38.122  INFO 29840 --- [    Test worker] .b.t.c.SpringBootTestContextBootstrapper : Loaded default TestExecutionListener class names from location [META-INF/spring.factories]: [org.springframework.boot.test.autoconfigure.restdocs.RestDocsTestExecutionListener, org.springframework.boot.test.autoconfigure.web.client.MockRestServiceServerResetTestExecutionListener, org.springframework.boot.test.autoconfigure.web.servlet.MockMvcPrintOnlyOnFailureTestExecutionListener, org.springframework.boot.test.autoconfigure.web.servlet.WebDriverTestExecutionListener, org.springframework.boot.test.autoconfigure.webservices.client.MockWebServiceServerTestExecutionListener, org.springframework.boot.test.mock.mockito.MockitoTestExecutionListener, org.springframework.boot.test.mock.mockito.ResetMocksTestExecutionListener, org.springframework.test.context.web.ServletTestExecutionListener, org.springframework.test.context.support.DirtiesContextBeforeModesTestExecutionListener, org.springframework.test.context.event.ApplicationEventsTestExecutionListener, org.springframework.test.context.support.DependencyInjectionTestExecutionListener, org.springframework.test.context.support.DirtiesContextTestExecutionListener, org.springframework.test.context.transaction.TransactionalTestExecutionListener, org.springframework.test.context.jdbc.SqlScriptsTestExecutionListener, org.springframework.test.context.event.EventPublishingTestExecutionListener]
2021-07-26 19:36:38.124  INFO 29840 --- [    Test worker] .b.t.c.SpringBootTestContextBootstrapper : Using TestExecutionListeners: [org.springframework.test.context.web.ServletTestExecutionListener@54dae84, org.springframework.test.context.support.DirtiesContextBeforeModesTestExecutionListener@14eb4348, org.springframework.test.context.event.ApplicationEventsTestExecutionListener@17b3e7a5, org.springframework.boot.test.mock.mockito.MockitoTestExecutionListener@3e377818, org.springframework.boot.test.autoconfigure.SpringBootDependencyInjectionTestExecutionListener@5666c8d4, org.springframework.test.context.support.DirtiesContextTestExecutionListener@18d93053, org.springframework.test.context.event.EventPublishingTestExecutionListener@105f7222, org.springframework.boot.test.autoconfigure.restdocs.RestDocsTestExecutionListener@152d3f89, org.springframework.boot.test.autoconfigure.web.client.MockRestServiceServerResetTestExecutionListener@756d6590, org.springframework.boot.test.autoconfigure.web.servlet.MockMvcPrintOnlyOnFailureTestExecutionListener@24e788c6, org.springframework.boot.test.autoconfigure.web.servlet.WebDriverTestExecutionListener@4fc2201a, org.springframework.boot.test.autoconfigure.webservices.client.MockWebServiceServerTestExecutionListener@33ef9f1c, org.springframework.boot.test.mock.mockito.ResetMocksTestExecutionListener@2d303d14]

MockHttpServletRequest:
      HTTP Method = POST
      Request URI = /api/banks
       Parameters = {}
          Headers = [Content-Type:"application/json;charset=UTF-8", Content-Length:"55"]
             Body = {"accountNumber":"1234","trust":1.0,"transactionFee":1}
    Session Attrs = {}

Handler:
             Type = com.example.SpringBootKotlinRestAPI.controller.BankController
           Method = com.example.SpringBootKotlinRestAPI.controller.BankController#addBank(Bank)

Async:
    Async started = false
     Async result = null

Resolved Exception:
             Type = java.lang.IllegalArgumentException

ModelAndView:
        View name = null
             View = null
            Model = null

FlashMap:
       Attributes = null

MockHttpServletResponse:
           Status = 400
    Error message = null
          Headers = [Content-Type:"text/plain;charset=UTF-8", Content-Length:"45"]
     Content type = text/plain;charset=UTF-8
             Body = Bank with account number 1234 already exists.
    Forwarded URL = null
   Redirected URL = null
          Cookies = []

MockHttpServletRequest:
      HTTP Method = POST
      Request URI = /api/banks
       Parameters = {}
          Headers = [Content-Type:"application/json;charset=UTF-8", Content-Length:"60"]
             Body = {"accountNumber":"acc123","trust":31.415,"transactionFee":2}
    Session Attrs = {}

Handler:
             Type = com.example.SpringBootKotlinRestAPI.controller.BankController
           Method = com.example.SpringBootKotlinRestAPI.controller.BankController#addBank(Bank)

Async:
    Async started = false
     Async result = null

Resolved Exception:
             Type = null

ModelAndView:
        View name = null
             View = null
            Model = null

FlashMap:
       Attributes = null

MockHttpServletResponse:
           Status = 201
    Error message = null
          Headers = [Content-Type:"application/json"]
     Content type = application/json
             Body = {"accountNumber":"acc123","trust":31.415,"transactionFee":2}
    Forwarded URL = null
   Redirected URL = null
          Cookies = []
]]></system-out>
  <system-err><![CDATA[]]></system-err>
</testsuite>
